Determining if the pthread_create exist failed with the following output:
Change Dir: /home/rolf/roboteamtwente/soccer/build/CMakeFiles/CMakeTmp

Run Build Command:"/usr/bin/make" "cmTC_d4b11/fast"
/usr/bin/make -f CMakeFiles/cmTC_d4b11.dir/build.make CMakeFiles/cmTC_d4b11.dir/build
make[1]: Entering directory '/home/rolf/roboteamtwente/soccer/build/CMakeFiles/CMakeTmp'
Building C object CMakeFiles/cmTC_d4b11.dir/CheckSymbolExists.c.o
/usr/bin/cc    -o CMakeFiles/cmTC_d4b11.dir/CheckSymbolExists.c.o   -c /home/rolf/roboteamtwente/soccer/build/CMakeFiles/CMakeTmp/CheckSymbolExists.c
Linking C executable cmTC_d4b11
/usr/bin/cmake -E cmake_link_script CMakeFiles/cmTC_d4b11.dir/link.txt --verbose=1
/usr/bin/cc      CMakeFiles/cmTC_d4b11.dir/CheckSymbolExists.c.o  -o cmTC_d4b11 
CMakeFiles/cmTC_d4b11.dir/CheckSymbolExists.c.o: In function `main':
CheckSymbolExists.c:(.text+0x1b): undefined reference to `pthread_create'
collect2: error: ld returned 1 exit status
CMakeFiles/cmTC_d4b11.dir/build.make:97: recipe for target 'cmTC_d4b11' failed
make[1]: *** [cmTC_d4b11] Error 1
make[1]: Leaving directory '/home/rolf/roboteamtwente/soccer/build/CMakeFiles/CMakeTmp'
Makefile:126: recipe for target 'cmTC_d4b11/fast' failed
make: *** [cmTC_d4b11/fast] Error 2

File /home/rolf/roboteamtwente/soccer/build/CMakeFiles/CMakeTmp/CheckSymbolExists.c:
/* */
#include <pthread.h>

int main(int argc, char** argv)
{
  (void)argv;
#ifndef pthread_create
  return ((int*)(&pthread_create))[argc];
#else
  (void)argc;
  return 0;
#endif
}

Determining if the function pthread_create exists in the pthreads failed with the following output:
Change Dir: /home/rolf/roboteamtwente/soccer/build/CMakeFiles/CMakeTmp

Run Build Command:"/usr/bin/make" "cmTC_5fed8/fast"
/usr/bin/make -f CMakeFiles/cmTC_5fed8.dir/build.make CMakeFiles/cmTC_5fed8.dir/build
make[1]: Entering directory '/home/rolf/roboteamtwente/soccer/build/CMakeFiles/CMakeTmp'
Building C object CMakeFiles/cmTC_5fed8.dir/CheckFunctionExists.c.o
/usr/bin/cc   -DCHECK_FUNCTION_EXISTS=pthread_create   -o CMakeFiles/cmTC_5fed8.dir/CheckFunctionExists.c.o   -c /usr/share/cmake-3.10/Modules/CheckFunctionExists.c
Linking C executable cmTC_5fed8
/usr/bin/cmake -E cmake_link_script CMakeFiles/cmTC_5fed8.dir/link.txt --verbose=1
/usr/bin/cc  -DCHECK_FUNCTION_EXISTS=pthread_create    CMakeFiles/cmTC_5fed8.dir/CheckFunctionExists.c.o  -o cmTC_5fed8 -lpthreads 
/usr/bin/ld: cannot find -lpthreads
collect2: error: ld returned 1 exit status
CMakeFiles/cmTC_5fed8.dir/build.make:97: recipe for target 'cmTC_5fed8' failed
make[1]: *** [cmTC_5fed8] Error 1
make[1]: Leaving directory '/home/rolf/roboteamtwente/soccer/build/CMakeFiles/CMakeTmp'
Makefile:126: recipe for target 'cmTC_5fed8/fast' failed
make: *** [cmTC_5fed8/fast] Error 2


